{"C:\\Users\\lauten\\PROYECTOS ANGULAR\\videoclub\\src\\app\\app.component.html": {"path":"C:\\Users\\lauten\\PROYECTOS ANGULAR\\videoclub\\src\\app\\app.component.html","statementMap":{"0":{"start":{"line":1,"column":0},"end":{"line":1,"column":431}}},"fnMap":{},"branchMap":{},"s":{"0":1},"f":{},"b":{},"inputSourceMap":null,"_coverageSchema":"1a1c01bbd47fc00a2c39e90264f33305004495a9","hash":"cf72a4a6e5bc98d91297ae56717da8c2776824c4"}
,"C:\\Users\\lauten\\PROYECTOS ANGULAR\\videoclub\\src\\app\\app.component.ts": {"path":"C:\\Users\\lauten\\PROYECTOS ANGULAR\\videoclub\\src\\app\\app.component.ts","statementMap":{"0":{"start":{"line":1,"column":0},"end":{"line":1,"column":42}},"1":{"start":{"line":2,"column":0},"end":{"line":2,"column":9}},"2":{"start":{"line":10,"column":25},"end":{"line":24,"column":null}},"3":{"start":{"line":15,"column":21},"end":{"line":15,"column":27}},"4":{"start":{"line":11,"column":2},"end":{"line":11,"column":22}},"5":{"start":{"line":18,"column":4},"end":{"line":22,"column":null}},"6":{"start":{"line":19,"column":6},"end":{"line":19,"column":44}},"7":{"start":{"line":21,"column":6},"end":{"line":21,"column":48}},"8":{"start":{"line":10,"column":13},"end":{"line":24,"column":null}},"9":{"start":{"line":10,"column":13},"end":{"line":10,"column":25}}},"fnMap":{"0":{"name":"(anonymous_0)","decl":{"start":{"line":15,"column":2},"end":{"line":15,"column":21}},"loc":{"start":{"line":15,"column":38},"end":{"line":15,"column":42}}},"1":{"name":"(anonymous_1)","decl":{"start":{"line":17,"column":2},"end":{"line":17,"column":10}},"loc":{"start":{"line":17,"column":10},"end":{"line":23,"column":3}}},"2":{"name":"(anonymous_2)","decl":{"start":{"line":18,"column":34},"end":{"line":18,"column":35}},"loc":{"start":{"line":18,"column":47},"end":{"line":22,"column":5}}}},"branchMap":{},"s":{"0":1,"1":1,"2":1,"3":2,"4":2,"5":1,"6":1,"7":0,"8":1,"9":1},"f":{"0":2,"1":1,"2":1},"b":{}}
,"C:\\Users\\lauten\\PROYECTOS ANGULAR\\videoclub\\src\\app\\json.service.ts": {"path":"C:\\Users\\lauten\\PROYECTOS ANGULAR\\videoclub\\src\\app\\json.service.ts","statementMap":{"0":{"start":{"line":1,"column":0},"end":{"line":1,"column":43}},"1":{"start":{"line":2,"column":0},"end":{"line":2,"column":9}},"2":{"start":{"line":3,"column":0},"end":{"line":3,"column":31}},"3":{"start":{"line":8,"column":24},"end":{"line":30,"column":null}},"4":{"start":{"line":16,"column":22},"end":{"line":16,"column":28}},"5":{"start":{"line":10,"column":10},"end":{"line":10,"column":45}},"6":{"start":{"line":12,"column":10},"end":{"line":12,"column":37}},"7":{"start":{"line":13,"column":10},"end":{"line":13,"column":48}},"8":{"start":{"line":14,"column":9},"end":{"line":14,"column":69}},"9":{"start":{"line":19,"column":4},"end":{"line":19,"column":35}},"10":{"start":{"line":23,"column":4},"end":{"line":23,"column":34}},"11":{"start":{"line":24,"column":4},"end":{"line":24,"column":47}},"12":{"start":{"line":28,"column":4},"end":{"line":28,"column":26}},"13":{"start":{"line":8,"column":13},"end":{"line":30,"column":null}},"14":{"start":{"line":8,"column":13},"end":{"line":8,"column":24}}},"fnMap":{"0":{"name":"(anonymous_0)","decl":{"start":{"line":16,"column":2},"end":{"line":16,"column":22}},"loc":{"start":{"line":16,"column":38},"end":{"line":16,"column":43}}},"1":{"name":"(anonymous_1)","decl":{"start":{"line":18,"column":2},"end":{"line":18,"column":9}},"loc":{"start":{"line":18,"column":9},"end":{"line":20,"column":3}}},"2":{"name":"(anonymous_2)","decl":{"start":{"line":22,"column":2},"end":{"line":22,"column":14}},"loc":{"start":{"line":22,"column":39},"end":{"line":25,"column":3}}},"3":{"name":"(anonymous_3)","decl":{"start":{"line":27,"column":2},"end":{"line":27,"column":14}},"loc":{"start":{"line":27,"column":14},"end":{"line":29,"column":3}}}},"branchMap":{},"s":{"0":6,"1":6,"2":6,"3":6,"4":4,"5":4,"6":4,"7":4,"8":4,"9":1,"10":1,"11":1,"12":1,"13":6,"14":6},"f":{"0":4,"1":1,"2":1,"3":1},"b":{}}
,"C:\\Users\\lauten\\PROYECTOS ANGULAR\\videoclub\\src\\app\\detalles\\detalles.component.html": {"path":"C:\\Users\\lauten\\PROYECTOS ANGULAR\\videoclub\\src\\app\\detalles\\detalles.component.html","statementMap":{"0":{"start":{"line":1,"column":0},"end":{"line":1,"column":1680}}},"fnMap":{},"branchMap":{},"s":{"0":1},"f":{},"b":{},"inputSourceMap":null,"_coverageSchema":"1a1c01bbd47fc00a2c39e90264f33305004495a9","hash":"8a6442ceb8a456ad9894e65b6dc5be975e097b7a"}
,"C:\\Users\\lauten\\PROYECTOS ANGULAR\\videoclub\\src\\app\\detalles\\detalles.component.ts": {"path":"C:\\Users\\lauten\\PROYECTOS ANGULAR\\videoclub\\src\\app\\detalles\\detalles.component.ts","statementMap":{"0":{"start":{"line":1,"column":0},"end":{"line":1,"column":50}},"1":{"start":{"line":2,"column":0},"end":{"line":2,"column":9}},"2":{"start":{"line":3,"column":0},"end":{"line":3,"column":9}},"3":{"start":{"line":10,"column":30},"end":{"line":45,"column":null}},"4":{"start":{"line":17,"column":21},"end":{"line":17,"column":27}},"5":{"start":{"line":17,"column":48},"end":{"line":17,"column":54}},"6":{"start":{"line":17,"column":78},"end":{"line":17,"column":86}},"7":{"start":{"line":15,"column":9},"end":{"line":15,"column":35}},"8":{"start":{"line":21,"column":4},"end":{"line":24,"column":null}},"9":{"start":{"line":22,"column":6},"end":{"line":22,"column":44}},"10":{"start":{"line":23,"column":6},"end":{"line":23,"column":36}},"11":{"start":{"line":25,"column":4},"end":{"line":25,"column":46}},"12":{"start":{"line":26,"column":4},"end":{"line":26,"column":95}},"13":{"start":{"line":31,"column":4},"end":{"line":31,"column":133}},"14":{"start":{"line":32,"column":4},"end":{"line":32,"column":43}},"15":{"start":{"line":37,"column":4},"end":{"line":37,"column":55}},"16":{"start":{"line":41,"column":4},"end":{"line":41,"column":86}},"17":{"start":{"line":10,"column":13},"end":{"line":45,"column":null}},"18":{"start":{"line":10,"column":13},"end":{"line":10,"column":30}}},"fnMap":{"0":{"name":"(anonymous_0)","decl":{"start":{"line":17,"column":2},"end":{"line":17,"column":21}},"loc":{"start":{"line":17,"column":92},"end":{"line":17,"column":97}}},"1":{"name":"(anonymous_1)","decl":{"start":{"line":20,"column":2},"end":{"line":20,"column":10}},"loc":{"start":{"line":20,"column":10},"end":{"line":28,"column":3}}},"2":{"name":"(anonymous_2)","decl":{"start":{"line":21,"column":31},"end":{"line":21,"column":37}},"loc":{"start":{"line":21,"column":40},"end":{"line":24,"column":5}}},"3":{"name":"(anonymous_3)","decl":{"start":{"line":30,"column":2},"end":{"line":30,"column":13}},"loc":{"start":{"line":30,"column":13},"end":{"line":33,"column":3}}},"4":{"name":"(anonymous_4)","decl":{"start":{"line":36,"column":2},"end":{"line":36,"column":14}},"loc":{"start":{"line":36,"column":14},"end":{"line":38,"column":3}}},"5":{"name":"(anonymous_5)","decl":{"start":{"line":40,"column":2},"end":{"line":40,"column":15}},"loc":{"start":{"line":40,"column":15},"end":{"line":43,"column":3}}}},"branchMap":{},"s":{"0":1,"1":1,"2":1,"3":1,"4":5,"5":5,"6":5,"7":5,"8":1,"9":1,"10":1,"11":1,"12":1,"13":1,"14":1,"15":1,"16":1,"17":1,"18":1},"f":{"0":5,"1":1,"2":1,"3":1,"4":1,"5":1},"b":{}}
,"C:\\Users\\lauten\\PROYECTOS ANGULAR\\videoclub\\src\\app\\encabezado\\encabezado.component.html": {"path":"C:\\Users\\lauten\\PROYECTOS ANGULAR\\videoclub\\src\\app\\encabezado\\encabezado.component.html","statementMap":{"0":{"start":{"line":1,"column":0},"end":{"line":1,"column":82}}},"fnMap":{},"branchMap":{},"s":{"0":1},"f":{},"b":{},"inputSourceMap":null,"_coverageSchema":"1a1c01bbd47fc00a2c39e90264f33305004495a9","hash":"c95f0c1d935660e0e5f0ce06aeb9f3e7c77ccf27"}
,"C:\\Users\\lauten\\PROYECTOS ANGULAR\\videoclub\\src\\app\\encabezado\\encabezado.component.ts": {"path":"C:\\Users\\lauten\\PROYECTOS ANGULAR\\videoclub\\src\\app\\encabezado\\encabezado.component.ts","statementMap":{"0":{"start":{"line":1,"column":0},"end":{"line":1,"column":50}},"1":{"start":{"line":8,"column":32},"end":{"line":15,"column":null}},"2":{"start":{"line":8,"column":13},"end":{"line":15,"column":null}},"3":{"start":{"line":8,"column":13},"end":{"line":8,"column":32}}},"fnMap":{"0":{"name":"(anonymous_0)","decl":{"start":{"line":10,"column":2},"end":{"line":10,"column":18}},"loc":{"start":{"line":10,"column":2},"end":{"line":10,"column":19}}},"1":{"name":"(anonymous_1)","decl":{"start":{"line":12,"column":2},"end":{"line":12,"column":10}},"loc":{"start":{"line":12,"column":10},"end":{"line":13,"column":3}}}},"branchMap":{},"s":{"0":1,"1":1,"2":1,"3":1},"f":{"0":1,"1":1},"b":{}}
,"C:\\Users\\lauten\\PROYECTOS ANGULAR\\videoclub\\src\\app\\footer\\footer.component.html": {"path":"C:\\Users\\lauten\\PROYECTOS ANGULAR\\videoclub\\src\\app\\footer\\footer.component.html","statementMap":{"0":{"start":{"line":1,"column":0},"end":{"line":1,"column":77}}},"fnMap":{},"branchMap":{},"s":{"0":1},"f":{},"b":{},"inputSourceMap":null,"_coverageSchema":"1a1c01bbd47fc00a2c39e90264f33305004495a9","hash":"462921e7a133e099122242fc1c745c8a27859170"}
,"C:\\Users\\lauten\\PROYECTOS ANGULAR\\videoclub\\src\\app\\footer\\footer.component.ts": {"path":"C:\\Users\\lauten\\PROYECTOS ANGULAR\\videoclub\\src\\app\\footer\\footer.component.ts","statementMap":{"0":{"start":{"line":1,"column":0},"end":{"line":1,"column":50}},"1":{"start":{"line":8,"column":28},"end":{"line":15,"column":null}},"2":{"start":{"line":8,"column":13},"end":{"line":15,"column":null}},"3":{"start":{"line":8,"column":13},"end":{"line":8,"column":28}}},"fnMap":{"0":{"name":"(anonymous_0)","decl":{"start":{"line":10,"column":2},"end":{"line":10,"column":18}},"loc":{"start":{"line":10,"column":2},"end":{"line":10,"column":19}}},"1":{"name":"(anonymous_1)","decl":{"start":{"line":12,"column":2},"end":{"line":12,"column":10}},"loc":{"start":{"line":12,"column":10},"end":{"line":13,"column":3}}}},"branchMap":{},"s":{"0":1,"1":1,"2":1,"3":1},"f":{"0":1,"1":1},"b":{}}
,"C:\\Users\\lauten\\PROYECTOS ANGULAR\\videoclub\\src\\app\\inicio\\inicio.component.html": {"path":"C:\\Users\\lauten\\PROYECTOS ANGULAR\\videoclub\\src\\app\\inicio\\inicio.component.html","statementMap":{"0":{"start":{"line":1,"column":0},"end":{"line":1,"column":2619}}},"fnMap":{},"branchMap":{},"s":{"0":1},"f":{},"b":{},"inputSourceMap":null,"_coverageSchema":"1a1c01bbd47fc00a2c39e90264f33305004495a9","hash":"fc290a6c262fd452b517f1854765c2999ba8631b"}
,"C:\\Users\\lauten\\PROYECTOS ANGULAR\\videoclub\\src\\app\\inicio\\inicio.component.ts": {"path":"C:\\Users\\lauten\\PROYECTOS ANGULAR\\videoclub\\src\\app\\inicio\\inicio.component.ts","statementMap":{"0":{"start":{"line":1,"column":0},"end":{"line":1,"column":50}},"1":{"start":{"line":2,"column":0},"end":{"line":2,"column":9}},"2":{"start":{"line":3,"column":0},"end":{"line":3,"column":9}},"3":{"start":{"line":10,"column":28},"end":{"line":77,"column":null}},"4":{"start":{"line":42,"column":22},"end":{"line":42,"column":28}},"5":{"start":{"line":42,"column":49},"end":{"line":42,"column":57}},"6":{"start":{"line":13,"column":9},"end":{"line":38,"column":5}},"7":{"start":{"line":45,"column":4},"end":{"line":45,"column":46}},"8":{"start":{"line":49,"column":4},"end":{"line":49,"column":105}},"9":{"start":{"line":50,"column":4},"end":{"line":50,"column":43}},"10":{"start":{"line":54,"column":4},"end":{"line":54,"column":50}},"11":{"start":{"line":58,"column":4},"end":{"line":58,"column":64}},"12":{"start":{"line":62,"column":12},"end":{"line":62,"column":65}},"13":{"start":{"line":63,"column":4},"end":{"line":63,"column":36}},"14":{"start":{"line":10,"column":13},"end":{"line":77,"column":null}},"15":{"start":{"line":10,"column":13},"end":{"line":10,"column":28}}},"fnMap":{"0":{"name":"(anonymous_0)","decl":{"start":{"line":42,"column":2},"end":{"line":42,"column":22}},"loc":{"start":{"line":42,"column":63},"end":{"line":42,"column":68}}},"1":{"name":"(anonymous_1)","decl":{"start":{"line":44,"column":2},"end":{"line":44,"column":10}},"loc":{"start":{"line":44,"column":10},"end":{"line":46,"column":3}}},"2":{"name":"(anonymous_2)","decl":{"start":{"line":48,"column":2},"end":{"line":48,"column":13}},"loc":{"start":{"line":48,"column":46},"end":{"line":51,"column":3}}},"3":{"name":"(anonymous_3)","decl":{"start":{"line":53,"column":2},"end":{"line":53,"column":12}},"loc":{"start":{"line":53,"column":30},"end":{"line":55,"column":3}}},"4":{"name":"(anonymous_4)","decl":{"start":{"line":57,"column":2},"end":{"line":57,"column":10}},"loc":{"start":{"line":57,"column":43},"end":{"line":59,"column":3}}},"5":{"name":"(anonymous_5)","decl":{"start":{"line":61,"column":2},"end":{"line":61,"column":14}},"loc":{"start":{"line":61,"column":14},"end":{"line":64,"column":3}}}},"branchMap":{},"s":{"0":1,"1":1,"2":1,"3":1,"4":6,"5":6,"6":6,"7":1,"8":1,"9":1,"10":1,"11":1,"12":1,"13":1,"14":1,"15":1},"f":{"0":6,"1":1,"2":1,"3":1,"4":1,"5":1},"b":{}}
,"C:\\Users\\lauten\\PROYECTOS ANGULAR\\videoclub\\src\\app\\temporadas\\temporadas.component.html": {"path":"C:\\Users\\lauten\\PROYECTOS ANGULAR\\videoclub\\src\\app\\temporadas\\temporadas.component.html","statementMap":{"0":{"start":{"line":1,"column":0},"end":{"line":1,"column":387}}},"fnMap":{},"branchMap":{},"s":{"0":1},"f":{},"b":{},"inputSourceMap":null,"_coverageSchema":"1a1c01bbd47fc00a2c39e90264f33305004495a9","hash":"87ca889d5e85591c11a32987f77a23ce1770104e"}
,"C:\\Users\\lauten\\PROYECTOS ANGULAR\\videoclub\\src\\app\\temporadas\\temporadas.component.ts": {"path":"C:\\Users\\lauten\\PROYECTOS ANGULAR\\videoclub\\src\\app\\temporadas\\temporadas.component.ts","statementMap":{"0":{"start":{"line":1,"column":0},"end":{"line":1,"column":50}},"1":{"start":{"line":2,"column":0},"end":{"line":2,"column":9}},"2":{"start":{"line":3,"column":0},"end":{"line":3,"column":9}},"3":{"start":{"line":10,"column":32},"end":{"line":29,"column":null}},"4":{"start":{"line":15,"column":22},"end":{"line":15,"column":28}},"5":{"start":{"line":15,"column":49},"end":{"line":15,"column":55}},"6":{"start":{"line":15,"column":79},"end":{"line":15,"column":86}},"7":{"start":{"line":11,"column":9},"end":{"line":11,"column":33}},"8":{"start":{"line":18,"column":4},"end":{"line":21,"column":null}},"9":{"start":{"line":19,"column":6},"end":{"line":19,"column":44}},"10":{"start":{"line":20,"column":6},"end":{"line":20,"column":36}},"11":{"start":{"line":22,"column":4},"end":{"line":22,"column":95}},"12":{"start":{"line":26,"column":4},"end":{"line":26,"column":72}},"13":{"start":{"line":10,"column":13},"end":{"line":29,"column":null}},"14":{"start":{"line":10,"column":13},"end":{"line":10,"column":32}}},"fnMap":{"0":{"name":"(anonymous_0)","decl":{"start":{"line":15,"column":2},"end":{"line":15,"column":22}},"loc":{"start":{"line":15,"column":92},"end":{"line":15,"column":97}}},"1":{"name":"(anonymous_1)","decl":{"start":{"line":17,"column":2},"end":{"line":17,"column":10}},"loc":{"start":{"line":17,"column":10},"end":{"line":23,"column":3}}},"2":{"name":"(anonymous_2)","decl":{"start":{"line":18,"column":31},"end":{"line":18,"column":37}},"loc":{"start":{"line":18,"column":40},"end":{"line":21,"column":5}}},"3":{"name":"(anonymous_3)","decl":{"start":{"line":25,"column":2},"end":{"line":25,"column":8}},"loc":{"start":{"line":25,"column":8},"end":{"line":27,"column":3}}}},"branchMap":{},"s":{"0":1,"1":1,"2":1,"3":1,"4":3,"5":3,"6":3,"7":3,"8":1,"9":1,"10":1,"11":1,"12":1,"13":1,"14":1},"f":{"0":3,"1":1,"2":1,"3":1},"b":{}}
,"C:\\Users\\lauten\\PROYECTOS ANGULAR\\videoclub\\src\\app\\videoclub\\videoclub.component.html": {"path":"C:\\Users\\lauten\\PROYECTOS ANGULAR\\videoclub\\src\\app\\videoclub\\videoclub.component.html","statementMap":{"0":{"start":{"line":1,"column":0},"end":{"line":1,"column":1154}}},"fnMap":{},"branchMap":{},"s":{"0":1},"f":{},"b":{},"inputSourceMap":null,"_coverageSchema":"1a1c01bbd47fc00a2c39e90264f33305004495a9","hash":"2bcdd045b10377868a65abefe13b01b741d9299e"}
,"C:\\Users\\lauten\\PROYECTOS ANGULAR\\videoclub\\src\\app\\videoclub\\videoclub.component.ts": {"path":"C:\\Users\\lauten\\PROYECTOS ANGULAR\\videoclub\\src\\app\\videoclub\\videoclub.component.ts","statementMap":{"0":{"start":{"line":1,"column":0},"end":{"line":1,"column":50}},"1":{"start":{"line":2,"column":0},"end":{"line":2,"column":9}},"2":{"start":{"line":3,"column":0},"end":{"line":3,"column":9}},"3":{"start":{"line":10,"column":31},"end":{"line":37,"column":null}},"4":{"start":{"line":15,"column":21},"end":{"line":15,"column":27}},"5":{"start":{"line":15,"column":48},"end":{"line":15,"column":54}},"6":{"start":{"line":15,"column":78},"end":{"line":15,"column":86}},"7":{"start":{"line":18,"column":4},"end":{"line":20,"column":null}},"8":{"start":{"line":19,"column":6},"end":{"line":19,"column":44}},"9":{"start":{"line":21,"column":4},"end":{"line":21,"column":46}},"10":{"start":{"line":25,"column":4},"end":{"line":25,"column":119}},"11":{"start":{"line":26,"column":4},"end":{"line":26,"column":43}},"12":{"start":{"line":30,"column":4},"end":{"line":30,"column":71}},"13":{"start":{"line":34,"column":4},"end":{"line":34,"column":37}},"14":{"start":{"line":10,"column":13},"end":{"line":37,"column":null}},"15":{"start":{"line":10,"column":13},"end":{"line":10,"column":31}}},"fnMap":{"0":{"name":"(anonymous_0)","decl":{"start":{"line":15,"column":2},"end":{"line":15,"column":21}},"loc":{"start":{"line":15,"column":92},"end":{"line":15,"column":97}}},"1":{"name":"(anonymous_1)","decl":{"start":{"line":17,"column":2},"end":{"line":17,"column":10}},"loc":{"start":{"line":17,"column":10},"end":{"line":22,"column":3}}},"2":{"name":"(anonymous_2)","decl":{"start":{"line":18,"column":31},"end":{"line":18,"column":37}},"loc":{"start":{"line":18,"column":40},"end":{"line":20,"column":5}}},"3":{"name":"(anonymous_3)","decl":{"start":{"line":24,"column":2},"end":{"line":24,"column":13}},"loc":{"start":{"line":24,"column":27},"end":{"line":27,"column":3}}},"4":{"name":"(anonymous_4)","decl":{"start":{"line":29,"column":2},"end":{"line":29,"column":10}},"loc":{"start":{"line":29,"column":24},"end":{"line":31,"column":3}}},"5":{"name":"(anonymous_5)","decl":{"start":{"line":33,"column":2},"end":{"line":33,"column":8}},"loc":{"start":{"line":33,"column":8},"end":{"line":35,"column":3}}}},"branchMap":{},"s":{"0":1,"1":1,"2":1,"3":1,"4":5,"5":5,"6":5,"7":1,"8":1,"9":1,"10":1,"11":1,"12":1,"13":1,"14":1,"15":1},"f":{"0":5,"1":1,"2":1,"3":1,"4":1,"5":1},"b":{}}
}
