TN:
SF:src\app\app.component.html
FNF:0
FNH:0
DA:1,1
LF:1
LH:1
BRF:0
BRH:0
end_of_record
TN:
SF:src\app\app.component.ts
FN:15,(anonymous_0)
FN:17,(anonymous_1)
FN:18,(anonymous_2)
FNF:3
FNH:3
FNDA:2,(anonymous_0)
FNDA:1,(anonymous_1)
FNDA:1,(anonymous_2)
DA:1,1
DA:2,1
DA:10,1
DA:11,2
DA:15,2
DA:18,1
DA:19,1
DA:21,0
LF:8
LH:7
BRF:0
BRH:0
end_of_record
TN:
SF:src\app\json.service.ts
FN:16,(anonymous_0)
FN:18,(anonymous_1)
FN:22,(anonymous_2)
FN:27,(anonymous_3)
FNF:4
FNH:4
FNDA:4,(anonymous_0)
FNDA:1,(anonymous_1)
FNDA:1,(anonymous_2)
FNDA:1,(anonymous_3)
DA:1,6
DA:2,6
DA:3,6
DA:8,6
DA:10,4
DA:12,4
DA:13,4
DA:14,4
DA:16,4
DA:19,1
DA:23,1
DA:24,1
DA:28,1
LF:13
LH:13
BRF:0
BRH:0
end_of_record
TN:
SF:src\app\detalles\detalles.component.html
FNF:0
FNH:0
DA:1,1
LF:1
LH:1
BRF:0
BRH:0
end_of_record
TN:
SF:src\app\detalles\detalles.component.ts
FN:17,(anonymous_0)
FN:20,(anonymous_1)
FN:21,(anonymous_2)
FN:30,(anonymous_3)
FN:36,(anonymous_4)
FN:40,(anonymous_5)
FNF:6
FNH:6
FNDA:5,(anonymous_0)
FNDA:1,(anonymous_1)
FNDA:1,(anonymous_2)
FNDA:1,(anonymous_3)
FNDA:1,(anonymous_4)
FNDA:1,(anonymous_5)
DA:1,1
DA:2,1
DA:3,1
DA:10,1
DA:15,5
DA:17,5
DA:21,1
DA:22,1
DA:23,1
DA:25,1
DA:26,1
DA:31,1
DA:32,1
DA:37,1
DA:41,1
LF:15
LH:15
BRF:0
BRH:0
end_of_record
TN:
SF:src\app\encabezado\encabezado.component.html
FNF:0
FNH:0
DA:1,1
LF:1
LH:1
BRF:0
BRH:0
end_of_record
TN:
SF:src\app\encabezado\encabezado.component.ts
FN:10,(anonymous_0)
FN:12,(anonymous_1)
FNF:2
FNH:2
FNDA:1,(anonymous_0)
FNDA:1,(anonymous_1)
DA:1,1
DA:8,1
LF:2
LH:2
BRF:0
BRH:0
end_of_record
TN:
SF:src\app\footer\footer.component.html
FNF:0
FNH:0
DA:1,1
LF:1
LH:1
BRF:0
BRH:0
end_of_record
TN:
SF:src\app\footer\footer.component.ts
FN:10,(anonymous_0)
FN:12,(anonymous_1)
FNF:2
FNH:2
FNDA:1,(anonymous_0)
FNDA:1,(anonymous_1)
DA:1,1
DA:8,1
LF:2
LH:2
BRF:0
BRH:0
end_of_record
TN:
SF:src\app\inicio\inicio.component.html
FNF:0
FNH:0
DA:1,1
LF:1
LH:1
BRF:0
BRH:0
end_of_record
TN:
SF:src\app\inicio\inicio.component.ts
FN:42,(anonymous_0)
FN:44,(anonymous_1)
FN:48,(anonymous_2)
FN:53,(anonymous_3)
FN:57,(anonymous_4)
FN:61,(anonymous_5)
FNF:6
FNH:6
FNDA:6,(anonymous_0)
FNDA:1,(anonymous_1)
FNDA:1,(anonymous_2)
FNDA:1,(anonymous_3)
FNDA:1,(anonymous_4)
FNDA:1,(anonymous_5)
DA:1,1
DA:2,1
DA:3,1
DA:10,1
DA:13,6
DA:42,6
DA:45,1
DA:49,1
DA:50,1
DA:54,1
DA:58,1
DA:62,1
DA:63,1
LF:13
LH:13
BRF:0
BRH:0
end_of_record
TN:
SF:src\app\temporadas\temporadas.component.html
FNF:0
FNH:0
DA:1,1
LF:1
LH:1
BRF:0
BRH:0
end_of_record
TN:
SF:src\app\temporadas\temporadas.component.ts
FN:15,(anonymous_0)
FN:17,(anonymous_1)
FN:18,(anonymous_2)
FN:25,(anonymous_3)
FNF:4
FNH:4
FNDA:3,(anonymous_0)
FNDA:1,(anonymous_1)
FNDA:1,(anonymous_2)
FNDA:1,(anonymous_3)
DA:1,1
DA:2,1
DA:3,1
DA:10,1
DA:11,3
DA:15,3
DA:18,1
DA:19,1
DA:20,1
DA:22,1
DA:26,1
LF:11
LH:11
BRF:0
BRH:0
end_of_record
TN:
SF:src\app\videoclub\videoclub.component.html
FNF:0
FNH:0
DA:1,1
LF:1
LH:1
BRF:0
BRH:0
end_of_record
TN:
SF:src\app\videoclub\videoclub.component.ts
FN:15,(anonymous_0)
FN:17,(anonymous_1)
FN:18,(anonymous_2)
FN:24,(anonymous_3)
FN:29,(anonymous_4)
FN:33,(anonymous_5)
FNF:6
FNH:6
FNDA:5,(anonymous_0)
FNDA:1,(anonymous_1)
FNDA:1,(anonymous_2)
FNDA:1,(anonymous_3)
FNDA:1,(anonymous_4)
FNDA:1,(anonymous_5)
DA:1,1
DA:2,1
DA:3,1
DA:10,1
DA:15,5
DA:18,1
DA:19,1
DA:21,1
DA:25,1
DA:26,1
DA:30,1
DA:34,1
LF:12
LH:12
BRF:0
BRH:0
end_of_record
